-- Install configuration: ""
-- Up-to-date: /home/user/my_project/color-follower-ros2/install/mobile_world/share/mobile_world/launch
-- Installing: /home/user/my_project/color-follower-ros2/install/mobile_world/share/mobile_world/launch/world.launch.py
-- Up-to-date: /home/user/my_project/color-follower-ros2/install/mobile_world/share/mobile_world/worlds
-- Up-to-date: /home/user/my_project/color-follower-ros2/install/mobile_world/share/mobile_world/worlds/test_world.sdf
-- Up-to-date: /home/user/my_project/color-follower-ros2/install/mobile_world/share/ament_index/resource_index/package_run_dependencies/mobile_world
-- Up-to-date: /home/user/my_project/color-follower-ros2/install/mobile_world/share/ament_index/resource_index/parent_prefix_path/mobile_world
-- Up-to-date: /home/user/my_project/color-follower-ros2/install/mobile_world/share/mobile_world/environment/ament_prefix_path.sh
-- Up-to-date: /home/user/my_project/color-follower-ros2/install/mobile_world/share/mobile_world/environment/ament_prefix_path.dsv
-- Up-to-date: /home/user/my_project/color-follower-ros2/install/mobile_world/share/mobile_world/environment/path.sh
-- Up-to-date: /home/user/my_project/color-follower-ros2/install/mobile_world/share/mobile_world/environment/path.dsv
-- Up-to-date: /home/user/my_project/color-follower-ros2/install/mobile_world/share/mobile_world/local_setup.bash
-- Up-to-date: /home/user/my_project/color-follower-ros2/install/mobile_world/share/mobile_world/local_setup.sh
-- Up-to-date: /home/user/my_project/color-follower-ros2/install/mobile_world/share/mobile_world/local_setup.zsh
-- Up-to-date: /home/user/my_project/color-follower-ros2/install/mobile_world/share/mobile_world/local_setup.dsv
-- Up-to-date: /home/user/my_project/color-follower-ros2/install/mobile_world/share/mobile_world/package.dsv
-- Up-to-date: /home/user/my_project/color-follower-ros2/install/mobile_world/share/ament_index/resource_index/packages/mobile_world
-- Up-to-date: /home/user/my_project/color-follower-ros2/install/mobile_world/share/mobile_world/cmake/mobile_worldConfig.cmake
-- Up-to-date: /home/user/my_project/color-follower-ros2/install/mobile_world/share/mobile_world/cmake/mobile_worldConfig-version.cmake
-- Up-to-date: /home/user/my_project/color-follower-ros2/install/mobile_world/share/mobile_world/package.xml
