[0.005s] Invoking command in '/home/user/my_project/color-follower-ros2/build/mobile_world': CMAKE_PREFIX_PATH=${CMAKE_PREFIX_PATH}:/opt/ros/jazzy DEBUGINFOD_URLS=https://debuginfod.ubuntu.com /usr/bin/cmake --build /home/user/my_project/color-follower-ros2/build/mobile_world -- -j24 -l24
[0.034s] Invoked command in '/home/user/my_project/color-follower-ros2/build/mobile_world' returned '0': CMAKE_PREFIX_PATH=${CMAKE_PREFIX_PATH}:/opt/ros/jazzy DEBUGINFOD_URLS=https://debuginfod.ubuntu.com /usr/bin/cmake --build /home/user/my_project/color-follower-ros2/build/mobile_world -- -j24 -l24
[0.035s] Invoking command in '/home/user/my_project/color-follower-ros2/build/mobile_world': CMAKE_PREFIX_PATH=${CMAKE_PREFIX_PATH}:/opt/ros/jazzy DEBUGINFOD_URLS=https://debuginfod.ubuntu.com /usr/bin/cmake --install /home/user/my_project/color-follower-ros2/build/mobile_world
[0.040s] -- Install configuration: ""
[0.040s] -- Up-to-date: /home/user/my_project/color-follower-ros2/install/mobile_world/share/mobile_world/launch
[0.040s] -- Installing: /home/user/my_project/color-follower-ros2/install/mobile_world/share/mobile_world/launch/world.launch.py
[0.040s] -- Up-to-date: /home/user/my_project/color-follower-ros2/install/mobile_world/share/mobile_world/worlds
[0.040s] -- Up-to-date: /home/user/my_project/color-follower-ros2/install/mobile_world/share/mobile_world/worlds/test_world.sdf
[0.040s] -- Up-to-date: /home/user/my_project/color-follower-ros2/install/mobile_world/share/ament_index/resource_index/package_run_dependencies/mobile_world
[0.041s] -- Up-to-date: /home/user/my_project/color-follower-ros2/install/mobile_world/share/ament_index/resource_index/parent_prefix_path/mobile_world
[0.041s] -- Up-to-date: /home/user/my_project/color-follower-ros2/install/mobile_world/share/mobile_world/environment/ament_prefix_path.sh
[0.041s] -- Up-to-date: /home/user/my_project/color-follower-ros2/install/mobile_world/share/mobile_world/environment/ament_prefix_path.dsv
[0.041s] -- Up-to-date: /home/user/my_project/color-follower-ros2/install/mobile_world/share/mobile_world/environment/path.sh
[0.041s] -- Up-to-date: /home/user/my_project/color-follower-ros2/install/mobile_world/share/mobile_world/environment/path.dsv
[0.041s] -- Up-to-date: /home/user/my_project/color-follower-ros2/install/mobile_world/share/mobile_world/local_setup.bash
[0.041s] -- Up-to-date: /home/user/my_project/color-follower-ros2/install/mobile_world/share/mobile_world/local_setup.sh
[0.042s] -- Up-to-date: /home/user/my_project/color-follower-ros2/install/mobile_world/share/mobile_world/local_setup.zsh
[0.042s] -- Up-to-date: /home/user/my_project/color-follower-ros2/install/mobile_world/share/mobile_world/local_setup.dsv
[0.042s] -- Up-to-date: /home/user/my_project/color-follower-ros2/install/mobile_world/share/mobile_world/package.dsv
[0.042s] -- Up-to-date: /home/user/my_project/color-follower-ros2/install/mobile_world/share/ament_index/resource_index/packages/mobile_world
[0.042s] -- Up-to-date: /home/user/my_project/color-follower-ros2/install/mobile_world/share/mobile_world/cmake/mobile_worldConfig.cmake
[0.042s] -- Up-to-date: /home/user/my_project/color-follower-ros2/install/mobile_world/share/mobile_world/cmake/mobile_worldConfig-version.cmake
[0.043s] -- Up-to-date: /home/user/my_project/color-follower-ros2/install/mobile_world/share/mobile_world/package.xml
[0.062s] Invoked command in '/home/user/my_project/color-follower-ros2/build/mobile_world' returned '0': CMAKE_PREFIX_PATH=${CMAKE_PREFIX_PATH}:/opt/ros/jazzy DEBUGINFOD_URLS=https://debuginfod.ubuntu.com /usr/bin/cmake --install /home/user/my_project/color-follower-ros2/build/mobile_world
