[0.006s] Invoking command in '/home/user/my_project/color-follower-ros2/build/mobile_description': CMAKE_PREFIX_PATH=${CMAKE_PREFIX_PATH}:/opt/ros/jazzy DEBUGINFOD_URLS=https://debuginfod.ubuntu.com /usr/bin/cmake --build /home/user/my_project/color-follower-ros2/build/mobile_description -- -j24 -l24
[0.037s] Invoked command in '/home/user/my_project/color-follower-ros2/build/mobile_description' returned '0': CMAKE_PREFIX_PATH=${CMAKE_PREFIX_PATH}:/opt/ros/jazzy DEBUGINFOD_URLS=https://debuginfod.ubuntu.com /usr/bin/cmake --build /home/user/my_project/color-follower-ros2/build/mobile_description -- -j24 -l24
[0.045s] Invoking command in '/home/user/my_project/color-follower-ros2/build/mobile_description': CMAKE_PREFIX_PATH=${CMAKE_PREFIX_PATH}:/opt/ros/jazzy DEBUGINFOD_URLS=https://debuginfod.ubuntu.com /usr/bin/cmake --install /home/user/my_project/color-follower-ros2/build/mobile_description
[0.055s] -- Install configuration: ""
[0.055s] -- Up-to-date: /home/user/my_project/color-follower-ros2/install/mobile_description/share/mobile_description/launch
[0.056s] -- Installing: /home/user/my_project/color-follower-ros2/install/mobile_description/share/mobile_description/launch/robot.launch.py
[0.056s] -- Up-to-date: /home/user/my_project/color-follower-ros2/install/mobile_description/share/mobile_description/rviz
[0.056s] -- Up-to-date: /home/user/my_project/color-follower-ros2/install/mobile_description/share/mobile_description/urdf
[0.056s] -- Up-to-date: /home/user/my_project/color-follower-ros2/install/mobile_description/share/mobile_description/urdf/robot_v1.urdf
[0.057s] -- Up-to-date: /home/user/my_project/color-follower-ros2/install/mobile_description/share/ament_index/resource_index/package_run_dependencies/mobile_description
[0.057s] -- Up-to-date: /home/user/my_project/color-follower-ros2/install/mobile_description/share/ament_index/resource_index/parent_prefix_path/mobile_description
[0.058s] -- Up-to-date: /home/user/my_project/color-follower-ros2/install/mobile_description/share/mobile_description/environment/ament_prefix_path.sh
[0.059s] -- Up-to-date: /home/user/my_project/color-follower-ros2/install/mobile_description/share/mobile_description/environment/ament_prefix_path.dsv
[0.060s] -- Up-to-date: /home/user/my_project/color-follower-ros2/install/mobile_description/share/mobile_description/environment/path.sh
[0.060s] -- Up-to-date: /home/user/my_project/color-follower-ros2/install/mobile_description/share/mobile_description/environment/path.dsv
[0.061s] -- Up-to-date: /home/user/my_project/color-follower-ros2/install/mobile_description/share/mobile_description/local_setup.bash
[0.061s] -- Up-to-date: /home/user/my_project/color-follower-ros2/install/mobile_description/share/mobile_description/local_setup.sh
[0.061s] -- Up-to-date: /home/user/my_project/color-follower-ros2/install/mobile_description/share/mobile_description/local_setup.zsh
[0.063s] -- Up-to-date: /home/user/my_project/color-follower-ros2/install/mobile_description/share/mobile_description/local_setup.dsv
[0.063s] -- Installing: /home/user/my_project/color-follower-ros2/install/mobile_description/share/mobile_description/package.dsv
[0.064s] -- Up-to-date: /home/user/my_project/color-follower-ros2/install/mobile_description/share/ament_index/resource_index/packages/mobile_description
[0.064s] -- Up-to-date: /home/user/my_project/color-follower-ros2/install/mobile_description/share/mobile_description/cmake/mobile_descriptionConfig.cmake
[0.065s] -- Up-to-date: /home/user/my_project/color-follower-ros2/install/mobile_description/share/mobile_description/cmake/mobile_descriptionConfig-version.cmake
[0.066s] -- Up-to-date: /home/user/my_project/color-follower-ros2/install/mobile_description/share/mobile_description/package.xml
[0.066s] Invoked command in '/home/user/my_project/color-follower-ros2/build/mobile_description' returned '0': CMAKE_PREFIX_PATH=${CMAKE_PREFIX_PATH}:/opt/ros/jazzy DEBUGINFOD_URLS=https://debuginfod.ubuntu.com /usr/bin/cmake --install /home/user/my_project/color-follower-ros2/build/mobile_description
