[0.005s] Invoking command in '/home/user/my_project/color-follower-ros2/build/mobile_world': CMAKE_PREFIX_PATH=${CMAKE_PREFIX_PATH}:/opt/ros/jazzy DEBUGINFOD_URLS=https://debuginfod.ubuntu.com /usr/bin/cmake /home/user/my_project/color-follower-ros2/src/mobile_world -DCMAKE_INSTALL_PREFIX=/home/user/my_project/color-follower-ros2/install/mobile_world
[0.042s] -- The C compiler identification is GNU 13.3.0
[0.098s] -- The CXX compiler identification is GNU 13.3.0
[0.108s] -- Detecting C compiler ABI info
[0.229s] -- Detecting C compiler ABI info - done
[0.237s] -- Check for working C compiler: /usr/bin/cc - skipped
[0.237s] -- Detecting C compile features
[0.237s] -- Detecting C compile features - done
[0.244s] -- Detecting CXX compiler ABI info
[0.371s] -- Detecting CXX compiler ABI info - done
[0.375s] -- Check for working CXX compiler: /usr/bin/c++ - skipped
[0.375s] -- Detecting CXX compile features
[0.376s] -- Detecting CXX compile features - done
[0.377s] -- Found ament_cmake: 2.5.5 (/opt/ros/jazzy/share/ament_cmake/cmake)
[0.467s] -- Found Python3: /usr/bin/python3 (found version "3.12.3") found components: Interpreter 
[0.570s] -- Configuring done (0.6s)
[0.571s] -- Generating done (0.0s)
[0.572s] -- Build files have been written to: /home/user/my_project/color-follower-ros2/build/mobile_world
[0.574s] Invoked command in '/home/user/my_project/color-follower-ros2/build/mobile_world' returned '0': CMAKE_PREFIX_PATH=${CMAKE_PREFIX_PATH}:/opt/ros/jazzy DEBUGINFOD_URLS=https://debuginfod.ubuntu.com /usr/bin/cmake /home/user/my_project/color-follower-ros2/src/mobile_world -DCMAKE_INSTALL_PREFIX=/home/user/my_project/color-follower-ros2/install/mobile_world
[0.575s] Invoking command in '/home/user/my_project/color-follower-ros2/build/mobile_world': CMAKE_PREFIX_PATH=${CMAKE_PREFIX_PATH}:/opt/ros/jazzy DEBUGINFOD_URLS=https://debuginfod.ubuntu.com /usr/bin/cmake --build /home/user/my_project/color-follower-ros2/build/mobile_world -- -j24 -l24
[0.616s] Invoked command in '/home/user/my_project/color-follower-ros2/build/mobile_world' returned '0': CMAKE_PREFIX_PATH=${CMAKE_PREFIX_PATH}:/opt/ros/jazzy DEBUGINFOD_URLS=https://debuginfod.ubuntu.com /usr/bin/cmake --build /home/user/my_project/color-follower-ros2/build/mobile_world -- -j24 -l24
[0.617s] Invoking command in '/home/user/my_project/color-follower-ros2/build/mobile_world': CMAKE_PREFIX_PATH=${CMAKE_PREFIX_PATH}:/opt/ros/jazzy DEBUGINFOD_URLS=https://debuginfod.ubuntu.com /usr/bin/cmake --install /home/user/my_project/color-follower-ros2/build/mobile_world
[0.628s] -- Install configuration: ""
[0.628s] -- Installing: /home/user/my_project/color-follower-ros2/install/mobile_world/share/mobile_world/launch
[0.628s] -- Installing: /home/user/my_project/color-follower-ros2/install/mobile_world/share/mobile_world/launch/world.launch.py
[0.628s] -- Installing: /home/user/my_project/color-follower-ros2/install/mobile_world/share/mobile_world/worlds
[0.628s] -- Installing: /home/user/my_project/color-follower-ros2/install/mobile_world/share/mobile_world/worlds/test_world.sdf
[0.628s] -- Installing: /home/user/my_project/color-follower-ros2/install/mobile_world/share/ament_index/resource_index/package_run_dependencies/mobile_world
[0.628s] -- Installing: /home/user/my_project/color-follower-ros2/install/mobile_world/share/ament_index/resource_index/parent_prefix_path/mobile_world
[0.628s] -- Installing: /home/user/my_project/color-follower-ros2/install/mobile_world/share/mobile_world/environment/ament_prefix_path.sh
[0.628s] -- Installing: /home/user/my_project/color-follower-ros2/install/mobile_world/share/mobile_world/environment/ament_prefix_path.dsv
[0.629s] -- Installing: /home/user/my_project/color-follower-ros2/install/mobile_world/share/mobile_world/environment/path.sh
[0.629s] -- Installing: /home/user/my_project/color-follower-ros2/install/mobile_world/share/mobile_world/environment/path.dsv
[0.629s] -- Installing: /home/user/my_project/color-follower-ros2/install/mobile_world/share/mobile_world/local_setup.bash
[0.629s] -- Installing: /home/user/my_project/color-follower-ros2/install/mobile_world/share/mobile_world/local_setup.sh
[0.629s] -- Installing: /home/user/my_project/color-follower-ros2/install/mobile_world/share/mobile_world/local_setup.zsh
[0.629s] -- Installing: /home/user/my_project/color-follower-ros2/install/mobile_world/share/mobile_world/local_setup.dsv
[0.629s] -- Installing: /home/user/my_project/color-follower-ros2/install/mobile_world/share/mobile_world/package.dsv
[0.629s] -- Installing: /home/user/my_project/color-follower-ros2/install/mobile_world/share/ament_index/resource_index/packages/mobile_world
[0.629s] -- Installing: /home/user/my_project/color-follower-ros2/install/mobile_world/share/mobile_world/cmake/mobile_worldConfig.cmake
[0.629s] -- Installing: /home/user/my_project/color-follower-ros2/install/mobile_world/share/mobile_world/cmake/mobile_worldConfig-version.cmake
[0.629s] -- Installing: /home/user/my_project/color-follower-ros2/install/mobile_world/share/mobile_world/package.xml
[0.631s] Invoked command in '/home/user/my_project/color-follower-ros2/build/mobile_world' returned '0': CMAKE_PREFIX_PATH=${CMAKE_PREFIX_PATH}:/opt/ros/jazzy DEBUGINFOD_URLS=https://debuginfod.ubuntu.com /usr/bin/cmake --install /home/user/my_project/color-follower-ros2/build/mobile_world
