[0.005s] Invoking command in '/home/user/my_project/color-follower-ros2/build/mobile_description': CMAKE_PREFIX_PATH=${CMAKE_PREFIX_PATH}:/opt/ros/jazzy DEBUGINFOD_URLS=https://debuginfod.ubuntu.com /usr/bin/cmake /home/user/my_project/color-follower-ros2/src/mobile_description -DCMAKE_INSTALL_PREFIX=/home/user/my_project/color-follower-ros2/install/mobile_description
[0.046s] -- The C compiler identification is GNU 13.3.0
[0.102s] -- The CXX compiler identification is GNU 13.3.0
[0.112s] -- Detecting C compiler ABI info
[0.227s] -- Detecting C compiler ABI info - done
[0.233s] -- Check for working C compiler: /usr/bin/cc - skipped
[0.233s] -- Detecting C compile features
[0.233s] -- Detecting C compile features - done
[0.240s] -- Detecting CXX compiler ABI info
[0.373s] -- Detecting CXX compiler ABI info - done
[0.377s] -- Check for working CXX compiler: /usr/bin/c++ - skipped
[0.377s] -- Detecting CXX compile features
[0.378s] -- Detecting CXX compile features - done
[0.380s] -- Found ament_cmake: 2.5.5 (/opt/ros/jazzy/share/ament_cmake/cmake)
[0.463s] -- Found Python3: /usr/bin/python3 (found version "3.12.3") found components: Interpreter 
[0.563s] -- Configuring done (0.6s)
[0.564s] -- Generating done (0.0s)
[0.565s] -- Build files have been written to: /home/user/my_project/color-follower-ros2/build/mobile_description
[0.568s] Invoked command in '/home/user/my_project/color-follower-ros2/build/mobile_description' returned '0': CMAKE_PREFIX_PATH=${CMAKE_PREFIX_PATH}:/opt/ros/jazzy DEBUGINFOD_URLS=https://debuginfod.ubuntu.com /usr/bin/cmake /home/user/my_project/color-follower-ros2/src/mobile_description -DCMAKE_INSTALL_PREFIX=/home/user/my_project/color-follower-ros2/install/mobile_description
[0.569s] Invoking command in '/home/user/my_project/color-follower-ros2/build/mobile_description': CMAKE_PREFIX_PATH=${CMAKE_PREFIX_PATH}:/opt/ros/jazzy DEBUGINFOD_URLS=https://debuginfod.ubuntu.com /usr/bin/cmake --build /home/user/my_project/color-follower-ros2/build/mobile_description -- -j24 -l24
[0.592s] Invoked command in '/home/user/my_project/color-follower-ros2/build/mobile_description' returned '0': CMAKE_PREFIX_PATH=${CMAKE_PREFIX_PATH}:/opt/ros/jazzy DEBUGINFOD_URLS=https://debuginfod.ubuntu.com /usr/bin/cmake --build /home/user/my_project/color-follower-ros2/build/mobile_description -- -j24 -l24
[0.598s] Invoking command in '/home/user/my_project/color-follower-ros2/build/mobile_description': CMAKE_PREFIX_PATH=${CMAKE_PREFIX_PATH}:/opt/ros/jazzy DEBUGINFOD_URLS=https://debuginfod.ubuntu.com /usr/bin/cmake --install /home/user/my_project/color-follower-ros2/build/mobile_description
[0.604s] -- Install configuration: ""
[0.604s] -- Installing: /home/user/my_project/color-follower-ros2/install/mobile_description/share/mobile_description/launch
[0.604s] -- Installing: /home/user/my_project/color-follower-ros2/install/mobile_description/share/mobile_description/launch/robot.launch.py
[0.604s] -- Installing: /home/user/my_project/color-follower-ros2/install/mobile_description/share/mobile_description/rviz
[0.604s] -- Installing: /home/user/my_project/color-follower-ros2/install/mobile_description/share/mobile_description/urdf
[0.604s] -- Installing: /home/user/my_project/color-follower-ros2/install/mobile_description/share/mobile_description/urdf/robot_v1.urdf
[0.604s] -- Installing: /home/user/my_project/color-follower-ros2/install/mobile_description/share/ament_index/resource_index/package_run_dependencies/mobile_description
[0.604s] -- Installing: /home/user/my_project/color-follower-ros2/install/mobile_description/share/ament_index/resource_index/parent_prefix_path/mobile_description
[0.604s] -- Installing: /home/user/my_project/color-follower-ros2/install/mobile_description/share/mobile_description/environment/ament_prefix_path.sh
[0.604s] -- Installing: /home/user/my_project/color-follower-ros2/install/mobile_description/share/mobile_description/environment/ament_prefix_path.dsv
[0.605s] -- Installing: /home/user/my_project/color-follower-ros2/install/mobile_description/share/mobile_description/environment/path.sh
[0.605s] -- Installing: /home/user/my_project/color-follower-ros2/install/mobile_description/share/mobile_description/environment/path.dsv
[0.605s] -- Installing: /home/user/my_project/color-follower-ros2/install/mobile_description/share/mobile_description/local_setup.bash
[0.605s] -- Installing: /home/user/my_project/color-follower-ros2/install/mobile_description/share/mobile_description/local_setup.sh
[0.605s] -- Installing: /home/user/my_project/color-follower-ros2/install/mobile_description/share/mobile_description/local_setup.zsh
[0.605s] -- Installing: /home/user/my_project/color-follower-ros2/install/mobile_description/share/mobile_description/local_setup.dsv
[0.605s] -- Installing: /home/user/my_project/color-follower-ros2/install/mobile_description/share/mobile_description/package.dsv
[0.605s] -- Installing: /home/user/my_project/color-follower-ros2/install/mobile_description/share/ament_index/resource_index/packages/mobile_description
[0.605s] -- Installing: /home/user/my_project/color-follower-ros2/install/mobile_description/share/mobile_description/cmake/mobile_descriptionConfig.cmake
[0.605s] -- Installing: /home/user/my_project/color-follower-ros2/install/mobile_description/share/mobile_description/cmake/mobile_descriptionConfig-version.cmake
[0.605s] -- Installing: /home/user/my_project/color-follower-ros2/install/mobile_description/share/mobile_description/package.xml
[0.606s] Invoked command in '/home/user/my_project/color-follower-ros2/build/mobile_description' returned '0': CMAKE_PREFIX_PATH=${CMAKE_PREFIX_PATH}:/opt/ros/jazzy DEBUGINFOD_URLS=https://debuginfod.ubuntu.com /usr/bin/cmake --install /home/user/my_project/color-follower-ros2/build/mobile_description
