-- Install configuration: ""
-- Up-to-date: /home/user/my_project/color-follower-ros2/install/mobile_description/share/mobile_description/launch
-- Installing: /home/user/my_project/color-follower-ros2/install/mobile_description/share/mobile_description/launch/robot.launch.py
-- Up-to-date: /home/user/my_project/color-follower-ros2/install/mobile_description/share/mobile_description/rviz
-- Up-to-date: /home/user/my_project/color-follower-ros2/install/mobile_description/share/mobile_description/urdf
-- Up-to-date: /home/user/my_project/color-follower-ros2/install/mobile_description/share/mobile_description/urdf/robot_v1.urdf
-- Up-to-date: /home/user/my_project/color-follower-ros2/install/mobile_description/share/ament_index/resource_index/package_run_dependencies/mobile_description
-- Up-to-date: /home/user/my_project/color-follower-ros2/install/mobile_description/share/ament_index/resource_index/parent_prefix_path/mobile_description
-- Up-to-date: /home/user/my_project/color-follower-ros2/install/mobile_description/share/mobile_description/environment/ament_prefix_path.sh
-- Up-to-date: /home/user/my_project/color-follower-ros2/install/mobile_description/share/mobile_description/environment/ament_prefix_path.dsv
-- Up-to-date: /home/user/my_project/color-follower-ros2/install/mobile_description/share/mobile_description/environment/path.sh
-- Up-to-date: /home/user/my_project/color-follower-ros2/install/mobile_description/share/mobile_description/environment/path.dsv
-- Up-to-date: /home/user/my_project/color-follower-ros2/install/mobile_description/share/mobile_description/local_setup.bash
-- Up-to-date: /home/user/my_project/color-follower-ros2/install/mobile_description/share/mobile_description/local_setup.sh
-- Up-to-date: /home/user/my_project/color-follower-ros2/install/mobile_description/share/mobile_description/local_setup.zsh
-- Up-to-date: /home/user/my_project/color-follower-ros2/install/mobile_description/share/mobile_description/local_setup.dsv
-- Up-to-date: /home/user/my_project/color-follower-ros2/install/mobile_description/share/mobile_description/package.dsv
-- Up-to-date: /home/user/my_project/color-follower-ros2/install/mobile_description/share/ament_index/resource_index/packages/mobile_description
-- Up-to-date: /home/user/my_project/color-follower-ros2/install/mobile_description/share/mobile_description/cmake/mobile_descriptionConfig.cmake
-- Up-to-date: /home/user/my_project/color-follower-ros2/install/mobile_description/share/mobile_description/cmake/mobile_descriptionConfig-version.cmake
-- Up-to-date: /home/user/my_project/color-follower-ros2/install/mobile_description/share/mobile_description/package.xml
